        -:    0:Source:AsciiArtTool.c
        -:    1:#include "AsciiArtTool.h"
        -:    2:
      838:    3:RLEList asciiArtRead(FILE* in_stream){
      838:    4:    RLEList list=RLEListCreate();
      838:    5:    if(list == NULL){
    #####:    6:      return list;
        -:    7:    }
        -:    8:        char current;
160592534:    9:        while (fscanf(in_stream, "%c", &current) == 1) {
160591696:   10:            RLEListResult result=RLEListAppend(list, current);
160591696:   11:            if(result!=RLE_LIST_SUCCESS){
    #####:   12:                RLEListDestroy(list);
    #####:   13:                return NULL;
        -:   14:            }
        -:   15:        }
      838:   16:    return list;
        -:   17:}
        -:   18:
      419:   19:RLEListResult asciiArtPrint(RLEList list, FILE *out_stream){
      419:   20:    if (list == NULL || out_stream == NULL){
    #####:   21:        return RLE_LIST_NULL_ARGUMENT;
        -:   22:    }
        -:   23:    RLEListResult result;
      419:   24:    char string[2] = " ";
 80296267:   25:    for(int i = 0; i < RLEListSize(list); i++){
 80295848:   26:        char letter = RLEListGet(list, i, &result);
 80295848:   27:        if (result != RLE_LIST_SUCCESS){
    #####:   28:            return result;
        -:   29:        }
 80295848:   30:        string[0] = letter;
 80295848:   31:        fputs(string, out_stream);
        -:   32:    }
      419:   33:    return RLE_LIST_SUCCESS;
        -:   34:}
        -:   35:
        -:   36:
      419:   37:RLEListResult asciiArtPrintEncoded(RLEList list, FILE *out_stream){
      419:   38:    if (list == NULL || out_stream == NULL){
    #####:   39:        return RLE_LIST_NULL_ARGUMENT;
        -:   40:    }
        -:   41:    RLEListResult result;
      419:   42:    char *string = RLEListExportToString(list, &result);
      419:   43:    if(result != RLE_LIST_SUCCESS){
    #####:   44:        return result;
        -:   45:    }
      419:   46:    fputs(string,out_stream);
      419:   47:    free(string);
      419:   48:    return RLE_LIST_SUCCESS;
        -:   49:}
        -:   50:
        -:   51:
        -:   52:
